ffmpeg started on 2025-09-12 at 10:52:27
Report written to "ffmpeg.log"
Log level: 32
Command line:
ffmpeg -hide_banner -loglevel info -reconnect 1 -reconnect_streamed 1 -reconnect_delay_max 5 -reconnect_at_eof 1 -timeout 10000000 -i https://m1.mettaxiot.com/mettax/video/523079791524_1.live.flv -c:v libx264 -c:a aac -preset ultrafast -tune zerolatency -profile:v baseline -level 3.0 -pix_fmt yuv420p -r 25 -g 50 -keyint_min 25 -sc_threshold 0 -b:v 1000k -maxrate 1200k -bufsize 2000k -b:a 128k -ar 44100 -ac 2 -f hls -hls_time 2 -hls_list_size 10 -hls_flags delete_segments+append_list+split_by_time+independent_segments -hls_allow_cache 0 -hls_segment_type mpegts -hls_segment_filename "/Users/treffix/Desktop/Treffix/BITRACK/flv-to-hls-server/hls/523079791524_0_1757649147580/segment_%05d.ts" -method PUT -y /Users/treffix/Desktop/Treffix/BITRACK/flv-to-hls-server/hls/523079791524_0_1757649147580/playlist.m3u8
Input #0, flv, from 'https://m1.mettaxiot.com/mettax/video/523079791524_1.live.flv':
  Duration: N/A, start: 0.000000, bitrate: N/A
  Stream #0:0: Video: h264 (High), yuv420p(progressive), 1920x1080, 20 fps, 25 tbr, 1k tbn
  Stream #0:1: Audio: pcm_alaw, 8000 Hz, mono, s16, 64 kb/s
Stream mapping:
  Stream #0:0 -> #0:0 (h264 (native) -> h264 (libx264))
  Stream #0:1 -> #0:1 (pcm_alaw (native) -> aac (native))
Press [q] to stop, [?] for help
[aac @ 0x115e415f0] Queue input is backward in time
[aac @ 0x115e415f0] Queue input is backward in time
[aac @ 0x115e415f0] Queue input is backward in time
[aac @ 0x115e415f0] Queue input is backward in time
[aac @ 0x115e415f0] Queue input is backward in time
[aac @ 0x115e415f0] Queue input is backward in time
[aac @ 0x115e415f0] Queue input is backward in time
[aac @ 0x115e415f0] Queue input is backward in time
[aac @ 0x115e415f0] Queue input is backward in time
[aac @ 0x115e415f0] Queue input is backward in time
[aac @ 0x115e415f0] Queue input is backward in time
[aac @ 0x115e415f0] Queue input is backward in time
[aac @ 0x115e415f0] Queue input is backward in time
[aac @ 0x115e415f0] Queue input is backward in time
[aac @ 0x115e415f0] Queue input is backward in time
[aac @ 0x115e415f0] Queue input is backward in time
[libx264 @ 0x14718fe10] frame MB size (120x68) > level limit (1620)
[libx264 @ 0x14718fe10] DPB size (1 frames, 8160 mbs) > level limit (0 frames, 8100 mbs)
[libx264 @ 0x14718fe10] MB rate (204000) > level limit (40500)
[aac @ 0x115e415f0] Queue input is backward in time
[libx264 @ 0x14718fe10] using cpu capabilities: ARMv8 NEON DotProd I8MM
[libx264 @ 0x14718fe10] profile Constrained Baseline, level 3.0, 4:2:0, 8-bit
[aac @ 0x115e415f0] Queue input is backward in time
[libx264 @ 0x14718fe10] 264 - core 165 r3222 b35605a - H.264/MPEG-4 AVC codec - Copyleft 2003-2025 - http://www.videolan.org/x264.html - options: cabac=0 ref=1 deblock=0:0:0 analyse=0:0 me=dia subme=0 psy=1 psy_rd=1.00:0.00 mixed_ref=0 me_range=16 chroma_me=1 trellis=0 8x8dct=0 cqm=0 deadzone=21,11 fast_pskip=1 chroma_qp_offset=0 threads=10 lookahead_threads=10 sliced_threads=1 slices=10 nr=0 decimate=1 interlaced=0 bluray_compat=0 constrained_intra=0 bframes=0 weightp=0 keyint=50 keyint_min=25 scenecut=0 intra_refresh=0 rc_lookahead=0 rc=abr mbtree=0 bitrate=1000 ratetol=1.0 qcomp=0.60 qpmin=0 qpmax=69 qpstep=4 vbv_maxrate=1200 vbv_bufsize=2000 nal_hrd=none filler=0 ip_ratio=1.40 aq=0
[hls @ 0x14718edc0] 'split_by_time' and 'independent_segments' cannot be enabled together. Disabling 'independent_segments' flag
Output #0, hls, to '/Users/treffix/Desktop/Treffix/BITRACK/flv-to-hls-server/hls/523079791524_0_1757649147580/playlist.m3u8':
  Metadata:
    encoder         : Lavf62.3.100
  Stream #0:0: Video: h264, yuv420p(tv, progressive), 1920x1080, q=2-31, 1000 kb/s, 25 fps, 90k tbn
    Metadata:
      encoder         : Lavc62.11.100 libx264
    Side data:
      cpb: bitrate max/min/avg: 1200000/0/1000000 buffer size: 2000000 vbv_delay: N/A
  Stream #0:1: Audio: aac (LC), 44100 Hz, stereo, fltp, 128 kb/s
    Metadata:
      encoder         : Lavc62.11.100 aac
[aost#0:1/aac @ 0x115e40d10] Non-monotonic DTS; previous: 2090, current: 580; changing to 2091. This may result in incorrect timestamps in the output file.
[aost#0:1/aac @ 0x115e40d10] Non-monotonic DTS; previous: 2669, current: 1159; changing to 2670. This may result in incorrect timestamps in the output file.
[aost#0:1/aac @ 0x115e40d10] Non-monotonic DTS; previous: 3249, current: 1739; changing to 3250. This may result in incorrect timestamps in the output file.
[aost#0:1/aac @ 0x115e40d10] Non-monotonic DTS; previous: 13839, current: 12329; changing to 13840. This may result in incorrect timestamps in the output file.
[aost#0:1/aac @ 0x115e40d10] Non-monotonic DTS; previous: 14418, current: 12908; changing to 14419. This may result in incorrect timestamps in the output file.
[aost#0:1/aac @ 0x115e40d10] Non-monotonic DTS; previous: 25008, current: 23498; changing to 25009. This may result in incorrect timestamps in the output file.
[aost#0:1/aac @ 0x115e40d10] Non-monotonic DTS; previous: 25588, current: 24078; changing to 25589. This may result in incorrect timestamps in the output file.
[aost#0:1/aac @ 0x115e40d10] Non-monotonic DTS; previous: 36176, current: 34665; changing to 36177. This may result in incorrect timestamps in the output file.
[aost#0:1/aac @ 0x115e40d10] Non-monotonic DTS; previous: 36755, current: 35245; changing to 36756. This may result in incorrect timestamps in the output file.
[aost#0:1/aac @ 0x115e40d10] Non-monotonic DTS; previous: 49614, current: 48104; changing to 49615. This may result in incorrect timestamps in the output file.
[aost#0:1/aac @ 0x115e40d10] Non-monotonic DTS; previous: 49615, current: 46594; changing to 49616. This may result in incorrect timestamps in the output file.
[aost#0:1/aac @ 0x115e40d10] Non-monotonic DTS; previous: 49616, current: 48684; changing to 49617. This may result in incorrect timestamps in the output file.
[aost#0:1/aac @ 0x115e40d10] Non-monotonic DTS; previous: 49617, current: 47173; changing to 49618. This may result in incorrect timestamps in the output file.
[aost#0:1/aac @ 0x115e40d10] Non-monotonic DTS; previous: 49618, current: 49263; changing to 49619. This may result in incorrect timestamps in the output file.
[aost#0:1/aac @ 0x115e40d10] Non-monotonic DTS; previous: 59184, current: 57673; changing to 59185. This may result in incorrect timestamps in the output file.
[aost#0:1/aac @ 0x115e40d10] Non-monotonic DTS; previous: 59763, current: 58253; changing to 59764. This may result in incorrect timestamps in the output file.
[aost#0:1/aac @ 0x115e40d10] Non-monotonic DTS; previous: 72353, current: 70843; changing to 72354. This may result in incorrect timestamps in the output file.
[aost#0:1/aac @ 0x115e40d10] Non-monotonic DTS; previous: 72354, current: 69333; changing to 72355. This may result in incorrect timestamps in the output file.
[aost#0:1/aac @ 0x115e40d10] Non-monotonic DTS; previous: 72355, current: 71422; changing to 72356. This may result in incorrect timestamps in the output file.
[aost#0:1/aac @ 0x115e40d10] Non-monotonic DTS; previous: 94690, current: 93180; [aost#0:1/aac @ 0x115e40d10] changing to 94691. This may result in incorrect timestamps in the output file.
[aac @ 0x115e415f0] Queue input is backward in time
[aost#0:1/aac @ 0x115e40d10] Non-monotonic DTS; previous: 95269, current: 93759; changing to 95270. This may result in incorrect timestamps in the output file.
[aac @ 0x115e415f0] Queue input is backward in time
[aost#0:1/aac @ 0x115e40d10] Non-monotonic DTS; previous: 105949, current: 104439; changing to 105950. This may result in incorrect timestamps in the output file.
[aac @ 0x115e415f0] Queue input is backward in time
[aost#0:1/aac @ 0x115e40d10] Non-monotonic DTS; previous: 106529, current: 105018; changing to 106530. This may result in incorrect timestamps in the output file.
[aac @ 0x115e415f0] Queue input is backward in time
[aost#0:1/aac @ 0x115e40d10] Non-monotonic DTS; previous: 107108, current: 105598; changing to 107109. This may result in incorrect timestamps in the output file.
[aac @ 0x115e415f0] Queue input is backward in time
[aost#0:1/aac @ 0x115e40d10] Non-monotonic DTS; previous: 728167, current: 726657; changing to 728168. This may result in incorrect timestamps in the output file.
[aac @ 0x115e415f0] Queue input is backward in time
[aost#0:1/aac @ 0x115e40d10] Non-monotonic DTS; previous: 728747, current: 727237; changing to 728748. This may result in incorrect timestamps in the output file.
[aac @ 0x115e415f0] Queue input is backward in time
[aost#0:1/aac @ 0x115e40d10] Non-monotonic DTS; previous: 739337, current: 737827; changing to 739338. This may result in incorrect timestamps in the output file.
[aac @ 0x115e415f0] Queue input is backward in time
[aost#0:1/aac @ 0x115e40d10] Non-monotonic DTS; previous: 739916, current: 738406; changing to 739917. This may result in incorrect timestamps in the output file.
[aac @ 0x115e415f0] Queue input is backward in time
[aost#0:1/aac @ 0x115e40d10] Non-monotonic DTS; previous: 740496, current: 738986; changing to 740497. This may result in incorrect timestamps in the output file.
[aac @ 0x115e415f0] Queue input is backward in time
[aost#0:1/aac @ 0x115e40d10] Non-monotonic DTS; previous: 750996, current: 749486; changing to 750997. This may result in incorrect timestamps in the output file.
[aac @ 0x115e415f0] Queue input is backward in time
[aost#0:1/aac @ 0x115e40d10] Non-monotonic DTS; previous: 751576, current: 750065; changing to 751577. This may result in incorrect timestamps in the output file.
[aac @ 0x115e415f0] Queue input is backward in time
[aost#0:1/aac @ 0x115e40d10] Non-monotonic DTS; previous: 762255, current: 760745; changing to 762256. This may result in incorrect timestamps in the output file.
[hls @ 0x14718edc0] Opening '/Users/treffix/Desktop/Treffix/BITRACK/flv-to-hls-server/hls/523079791524_0_1757649147580/segment_00000.ts' for writing
[hls @ 0x14718edc0] Opening '/Users/treffix/Desktop/Treffix/BITRACK/flv-to-hls-server/hls/523079791524_0_1757649147580/playlist.m3u8.tmp' for writing
[aac @ 0x115e415f0] Queue input is backward in time
[aost#0:1/aac @ 0x115e40d10] Non-monotonic DTS; previous: 762835, current: 761324; changing to 762836. This may result in incorrect timestamps in the output file.
[hls @ 0x14718edc0] Opening '/Users/treffix/Desktop/Treffix/BITRACK/flv-to-hls-server/hls/523079791524_0_1757649147580/segment_00001.ts' for writing
[hls @ 0x14718edc0] Opening '/Users/treffix/Desktop/Treffix/BITRACK/flv-to-hls-server/hls/523079791524_0_1757649147580/playlist.m3u8.tmp' for writing
[hls @ 0x14718edc0] Opening '/Users/treffix/Desktop/Treffix/BITRACK/flv-to-hls-server/hls/523079791524_0_1757649147580/segment_00002.ts' for writing
[hls @ 0x14718edc0] Opening '/Users/treffix/Desktop/Treffix/BITRACK/flv-to-hls-server/hls/523079791524_0_1757649147580/playlist.m3u8.tmp' for writing
[aac @ 0x115e415f0] Queue input is backward in time
[aost#0:1/aac @ 0x115e40d10] Non-monotonic DTS; previous: 1349424, current: 1347914; changing to 1349425. This may result in incorrect timestamps in the output file.
[aost#0:1/aac @ 0x115e40d10] Non-monotonic DTS; previous: 1350004, current: 1348494; changing to 1350005. This may result in incorrect timestamps in the output file.
[hls @ 0x14718edc0] Opening '/Users/treffix/Desktop/Treffix/BITRACK/flv-to-hls-server/hls/523079791524_0_1757649147580/segment_00003.ts' for writing
[hls @ 0x14718edc0] Opening '/Users/treffix/Desktop/Treffix/BITRACK/flv-to-hls-server/hls/523079791524_0_1757649147580/playlist.m3u8.tmp' for writing
frame=  207 fps=0.0 q=47.0 size=N/A time=00:00:08.28 bitrate=N/A dup=172 drop=0 speed=16.4x elapsed=0:00:00.50    frame=  209 fps=208 q=43.0 size=N/A time=00:00:08.36 bitrate=N/A dup=173 drop=0 speed=8.31x elapsed=0:00:01.00    [aac @ 0x115e415f0] Queue input is backward in time
[aac @ 0x115e415f0] Queue input is backward in time
[aost#0:1/aac @ 0x115e40d10] Non-monotonic DTS; previous: 1362682, current: 1361171; changing to 1362683. This may result in incorrect timestamps in the output file.
[aost#0:1/aac @ 0x115e40d10] Non-monotonic DTS; previous: 1362683, current: 1359661; changing to 1362684. This may result in incorrect timestamps in the output file.
[aost#0:1/aac @ 0x115e40d10] Non-monotonic DTS; previous: 1362684, current: 1361751; changing to 1362685. This may result in incorrect timestamps in the output file.
[aac @ 0x115e415f0] Queue input is backward in time
[aac @ 0x115e415f0] Queue input is backward in time
frame=  210 fps=139 q=43.0 size=N/A time=00:00:08.40 bitrate=N/A dup=173 drop=0 speed=5.57x elapsed=0:00:01.50    frame=  211 fps=105 q=43.0 size=N/A time=00:00:08.44 bitrate=N/A dup=173 drop=0 speed=4.19x elapsed=0:00:02.01    [aac @ 0x115e415f0] Queue input is backward in time
[aost#0:1/aac @ 0x115e40d10] Non-monotonic DTS; previous: 1373851, current: 1372341; changing to 1373852. This may result in incorrect timestamps in the output file.
[aost#0:1/aac @ 0x115e40d10] Non-monotonic DTS; previous: 1373852, current: 1370831; changing to 1373853. This may result in incorrect timestamps in the output file.
[aost#0:1/aac @ 0x115e40d10] Non-monotonic DTS; previous: 1373853, current: 1372920; changing to 1373854. This may result in incorrect timestamps in the output file.
[aost#0:1/aac @ 0x115e40d10] Non-monotonic DTS; previous: 1373854, current: 1371410; changing to 1373855. This may result in incorrect timestamps in the output file.
[aost#0:1/aac @ 0x115e40d10] Non-monotonic DTS; previous: 1373855, current: 1373500; changing to 1373856. This may result in incorrect timestamps in the output file.
frame=  212 fps= 84 q=44.0 size=N/A time=00:00:08.48 bitrate=N/A dup=173 drop=0 speed=3.37x elapsed=0:00:02.51    [aac @ 0x115e415f0] Queue input is backward in time
[aac @ 0x115e415f0] Queue input is backward in time
[aost#0:1/aac @ 0x115e40d10] Non-monotonic DTS; previous: 1385600, current: 1384090; changing to 1385601. This may result in incorrect timestamps in the output file.
[aost#0:1/aac @ 0x115e40d10] Non-monotonic DTS; previous: 1385601, current: 1382580; changing to 1385602. This may result in incorrect timestamps in the output file.
[aost#0:1/aac @ 0x115e40d10] Non-monotonic DTS; previous: 1385602, current: 1384669; changing to 1385603. This may result in incorrect timestamps in the output file.
frame=  215 fps= 71 q=42.0 size=N/A time=00:00:08.60 bitrate=N/A dup=174 drop=0 speed=2.85x elapsed=0:00:03.02    [hls @ 0x14718edc0] Opening '/Users/treffix/Desktop/Treffix/BITRACK/flv-to-hls-server/hls/523079791524_0_1757649147580/segment_00004.ts' for writing
[hls @ 0x14718edc0] Opening '/Users/treffix/Desktop/Treffix/BITRACK/flv-to-hls-server/hls/523079791524_0_1757649147580/playlist.m3u8.tmp' for writing
[hls @ 0x14718edc0] Opening '/Users/treffix/Desktop/Treffix/BITRACK/flv-to-hls-server/hls/523079791524_0_1757649147580/segment_00005.ts' for writing
[hls @ 0x14718edc0] Opening '/Users/treffix/Desktop/Treffix/BITRACK/flv-to-hls-server/hls/523079791524_0_1757649147580/playlist.m3u8.tmp' for writing
[hls @ 0x14718edc0] Opening '/Users/treffix/Desktop/Treffix/BITRACK/flv-to-hls-server/hls/523079791524_0_1757649147580/segment_00006.ts' for writing
[hls @ 0x14718edc0] Opening '/Users/treffix/Desktop/Treffix/BITRACK/flv-to-hls-server/hls/523079791524_0_1757649147580/playlist.m3u8.tmp' for writing
frame=  376 fps=107 q=36.0 size=N/A time=00:00:15.04 bitrate=N/A dup=333 drop=0 speed=4.27x elapsed=0:00:03.52    [aac @ 0x115e415f0] Queue input is backward in time
[aost#0:1/aac @ 0x115e40d10] Non-monotonic DTS; previous: 1396769, current: 1395259; changing to 1396770. This may result in incorrect timestamps in the output file.
[hls @ 0x14718edc0] Opening '/Users/treffix/Desktop/Treffix/BITRACK/flv-to-hls-server/hls/523079791524_0_1757649147580/segment_00007.ts' for writing
[hls @ 0x14718edc0] Opening '/Users/treffix/Desktop/Treffix/BITRACK/flv-to-hls-server/hls/523079791524_0_1757649147580/playlist.m3u8.tmp' for writing
[out#0/hls @ 0x14718ea50] video:1961KiB audio:39KiB subtitle:0KiB other streams:0KiB global headers:0KiB muxing overhead: unknown
frame=  390 fps= 93 q=37.0 Lsize=N/A time=00:00:15.52 bitrate=N/A dup=336 drop=0 speed=3.71x elapsed=0:00:04.19    
[libx264 @ 0x14718fe10] frame I:8     Avg QP:31.25  size: 88992
[libx264 @ 0x14718fe10] frame P:382   Avg QP:28.85  size:  3390
[libx264 @ 0x14718fe10] mb I  I16..4: 100.0%  0.0%  0.0%
[libx264 @ 0x14718fe10] mb P  I16..4:  2.0%  0.0%  0.0%  P16..4:  6.3%  0.0%  0.0%  0.0%  0.0%    skip:91.8%
[libx264 @ 0x14718fe10] coded y,uvDC,uvAC intra: 37.5% 14.0% 2.6% inter: 1.9% 1.0% 0.1%
[libx264 @ 0x14718fe10] i16 v,h,dc,p: 34% 24% 31% 11%
[libx264 @ 0x14718fe10] i8c dc,h,v,p: 80% 10%  8%  2%
[libx264 @ 0x14718fe10] kb/s:1029.23
[aac @ 0x115e415f0] Qavg: 999.323
Exiting normally, received signal 15.
